<?xml version="1.0" encoding="UTF-8"?>
<coverage generated="1536088106648" clover="3.2.0">
  <project timestamp="1536088106648" name="All files">
    <metrics statements="207" coveredstatements="112" conditionals="94" coveredconditionals="22" methods="63" coveredmethods="21" elements="364" coveredelements="155" complexity="0" loc="207" ncloc="207" packages="2" files="7" classes="7">
      <package name="demos.trivia">
        <metrics statements="21" coveredstatements="21" conditionals="0" coveredconditionals="0" methods="8" coveredmethods="8"/>
        <file name="game.js" path="/Users/deanius/src/antares/demos/trivia/game.js">
          <metrics statements="7" coveredstatements="7" conditionals="0" coveredconditionals="0" methods="4" coveredmethods="4"/>
          <line num="3" count="1" type="stmt"/>
          <line num="12" count="4" type="stmt"/>
          <line num="13" count="4" type="stmt"/>
          <line num="19" count="4" type="stmt"/>
          <line num="20" count="4" type="stmt"/>
          <line num="26" count="8" type="stmt"/>
          <line num="27" count="8" type="stmt"/>
        </file>
        <file name="round.js" path="/Users/deanius/src/antares/demos/trivia/round.js">
          <metrics statements="8" coveredstatements="8" conditionals="0" coveredconditionals="0" methods="3" coveredmethods="3"/>
          <line num="4" count="1" type="stmt"/>
          <line num="5" count="1" type="stmt"/>
          <line num="12" count="16" type="stmt"/>
          <line num="13" count="8" type="stmt"/>
          <line num="21" count="4" type="stmt"/>
          <line num="22" count="4" type="stmt"/>
          <line num="23" count="4" type="stmt"/>
          <line num="27" count="4" type="stmt"/>
        </file>
        <file name="store.js" path="/Users/deanius/src/antares/demos/trivia/store.js">
          <metrics statements="6" coveredstatements="6" conditionals="0" coveredconditionals="0" methods="1" coveredmethods="1"/>
          <line num="1" count="1" type="stmt"/>
          <line num="2" count="1" type="stmt"/>
          <line num="4" count="1" type="stmt"/>
          <line num="12" count="4" type="stmt"/>
          <line num="13" count="4" type="stmt"/>
          <line num="14" count="4" type="stmt"/>
        </file>
      </package>
      <package name="src">
        <metrics statements="186" coveredstatements="91" conditionals="94" coveredconditionals="22" methods="55" coveredmethods="13"/>
        <file name="antares-protocol.ts" path="/Users/deanius/src/antares/src/antares-protocol.ts">
          <metrics statements="153" coveredstatements="78" conditionals="76" coveredconditionals="20" methods="41" coveredmethods="12"/>
          <line num="1" count="2" type="stmt"/>
          <line num="2" count="2" type="stmt"/>
          <line num="3" count="2" type="stmt"/>
          <line num="16" count="2" type="stmt"/>
          <line num="19" count="2" type="cond" truecount="1" falsecount="1"/>
          <line num="20" count="2" type="stmt"/>
          <line num="21" count="2" type="stmt"/>
          <line num="22" count="2" type="stmt"/>
          <line num="23" count="2" type="stmt"/>
          <line num="24" count="2" type="stmt"/>
          <line num="25" count="2" type="stmt"/>
          <line num="26" count="2" type="stmt"/>
          <line num="27" count="2" type="stmt"/>
          <line num="28" count="2" type="stmt"/>
          <line num="29" count="2" type="stmt"/>
          <line num="33" count="2" type="stmt"/>
          <line num="34" count="2" type="stmt"/>
          <line num="35" count="2" type="stmt"/>
          <line num="42" count="2" type="stmt"/>
          <line num="43" count="2" type="stmt"/>
          <line num="58" count="3" type="stmt"/>
          <line num="64" count="3" type="cond" truecount="1" falsecount="1"/>
          <line num="65" count="3" type="stmt"/>
          <line num="66" count="3" type="stmt"/>
          <line num="67" count="3" type="stmt"/>
          <line num="68" count="3" type="stmt"/>
          <line num="69" count="3" type="stmt"/>
          <line num="70" count="3" type="stmt"/>
          <line num="71" count="3" type="stmt"/>
          <line num="73" count="4" type="stmt"/>
          <line num="74" count="4" type="cond" truecount="2" falsecount="0"/>
          <line num="83" count="3" type="stmt"/>
          <line num="85" count="0" type="stmt"/>
          <line num="86" count="0" type="stmt"/>
          <line num="87" count="0" type="stmt"/>
          <line num="91" count="0" type="stmt"/>
          <line num="98" count="3" type="stmt"/>
          <line num="100" count="0" type="stmt"/>
          <line num="101" count="0" type="stmt"/>
          <line num="102" count="0" type="stmt"/>
          <line num="104" count="0" type="stmt"/>
          <line num="117" count="24" type="stmt"/>
          <line num="118" count="24" type="stmt"/>
          <line num="119" count="24" type="stmt"/>
          <line num="120" count="24" type="stmt"/>
          <line num="124" count="24" type="stmt"/>
          <line num="125" count="0" type="stmt"/>
          <line num="126" count="0" type="stmt"/>
          <line num="127" count="0" type="stmt"/>
          <line num="129" count="24" type="stmt"/>
          <line num="132" count="96" type="stmt"/>
          <line num="133" count="96" type="cond" truecount="1" falsecount="1"/>
          <line num="134" count="96" type="stmt"/>
          <line num="135" count="96" type="stmt"/>
          <line num="136" count="96" type="stmt"/>
          <line num="137" count="96" type="stmt"/>
          <line num="139" count="0" type="stmt"/>
          <line num="140" count="0" type="stmt"/>
          <line num="142" count="96" type="cond" truecount="2" falsecount="0"/>
          <line num="147" count="24" type="stmt"/>
          <line num="150" count="24" type="stmt"/>
          <line num="153" count="96" type="stmt"/>
          <line num="154" count="96" type="stmt"/>
          <line num="163" count="24" type="stmt"/>
          <line num="165" count="0" type="stmt"/>
          <line num="166" count="0" type="stmt"/>
          <line num="168" count="0" type="stmt"/>
          <line num="169" count="0" type="stmt"/>
          <line num="171" count="0" type="stmt"/>
          <line num="173" count="0" type="stmt"/>
          <line num="174" count="0" type="stmt"/>
          <line num="176" count="0" type="stmt"/>
          <line num="188" count="0" type="stmt"/>
          <line num="193" count="24" type="stmt"/>
          <line num="203" count="2" type="cond" truecount="0" falsecount="2"/>
          <line num="204" count="0" type="stmt"/>
          <line num="208" count="0" type="stmt"/>
          <line num="217" count="24" type="cond" truecount="1" falsecount="1"/>
          <line num="218" count="12" type="stmt"/>
          <line num="219" count="12" type="cond" truecount="2" falsecount="0"/>
          <line num="220" count="12" type="stmt"/>
          <line num="221" count="12" type="stmt"/>
          <line num="225" count="96" type="stmt"/>
          <line num="226" count="12" type="stmt"/>
          <line num="227" count="0" type="stmt"/>
          <line num="229" count="12" type="stmt"/>
          <line num="239" count="2" type="cond" truecount="0" falsecount="2"/>
          <line num="240" count="0" type="stmt"/>
          <line num="242" count="0" type="cond" truecount="0" falsecount="2"/>
          <line num="244" count="0" type="stmt"/>
          <line num="245" count="0" type="stmt"/>
          <line num="247" count="0" type="cond" truecount="0" falsecount="2"/>
          <line num="248" count="0" type="stmt"/>
          <line num="250" count="0" type="stmt"/>
          <line num="255" count="0" type="stmt"/>
          <line num="256" count="0" type="stmt"/>
          <line num="257" count="0" type="cond" truecount="0" falsecount="2"/>
          <line num="260" count="0" type="stmt"/>
          <line num="262" count="0" type="cond" truecount="0" falsecount="2"/>
          <line num="268" count="0" type="stmt"/>
          <line num="270" count="0" type="stmt"/>
          <line num="273" count="0" type="cond" truecount="0" falsecount="2"/>
          <line num="274" count="0" type="stmt"/>
          <line num="278" count="0" type="cond" truecount="0" falsecount="2"/>
          <line num="282" count="0" type="cond" truecount="0" falsecount="2"/>
          <line num="283" count="0" type="stmt"/>
          <line num="284" count="0" type="stmt"/>
          <line num="285" count="0" type="stmt"/>
          <line num="289" count="0" type="stmt"/>
          <line num="291" count="0" type="stmt"/>
          <line num="292" count="0" type="stmt"/>
          <line num="293" count="0" type="stmt"/>
          <line num="296" count="0" type="cond" truecount="0" falsecount="2"/>
          <line num="298" count="0" type="cond" truecount="0" falsecount="5"/>
          <line num="299" count="0" type="stmt"/>
          <line num="303" count="0" type="cond" truecount="0" falsecount="2"/>
          <line num="305" count="0" type="cond" truecount="0" falsecount="2"/>
          <line num="306" count="0" type="stmt"/>
          <line num="314" count="0" type="cond" truecount="0" falsecount="2"/>
          <line num="315" count="0" type="cond" truecount="0" falsecount="2"/>
          <line num="316" count="0" type="stmt"/>
          <line num="319" count="0" type="stmt"/>
          <line num="323" count="0" type="stmt"/>
          <line num="327" count="0" type="cond" truecount="0" falsecount="2"/>
          <line num="328" count="0" type="stmt"/>
          <line num="330" count="0" type="stmt"/>
          <line num="332" count="0" type="stmt"/>
          <line num="334" count="2" type="stmt"/>
          <line num="337" count="12" type="stmt"/>
          <line num="344" count="0" type="cond" truecount="0" falsecount="2"/>
          <line num="346" count="0" type="stmt"/>
          <line num="348" count="0" type="cond" truecount="0" falsecount="2"/>
          <line num="349" count="0" type="stmt"/>
          <line num="351" count="0" type="stmt"/>
          <line num="352" count="0" type="stmt"/>
          <line num="354" count="0" type="stmt"/>
          <line num="357" count="0" type="stmt"/>
          <line num="361" count="0" type="stmt"/>
          <line num="363" count="0" type="stmt"/>
          <line num="369" count="2" type="stmt"/>
          <line num="374" count="24" type="stmt"/>
          <line num="375" count="24" type="cond" truecount="2" falsecount="0"/>
          <line num="376" count="24" type="stmt"/>
          <line num="377" count="48" type="cond" truecount="2" falsecount="0"/>
          <line num="378" count="30" type="stmt"/>
          <line num="387" count="2024" type="cond" truecount="2" falsecount="0"/>
          <line num="388" count="1024" type="stmt"/>
          <line num="395" count="6" type="cond" truecount="2" falsecount="2"/>
          <line num="396" count="24" type="stmt"/>
          <line num="398" count="24" type="cond" truecount="1" falsecount="1"/>
          <line num="399" count="24" type="stmt"/>
          <line num="401" count="24" type="stmt"/>
          <line num="405" count="2" type="stmt"/>
        </file>
        <file name="lib.ts" path="/Users/deanius/src/antares/src/lib.ts">
          <metrics statements="7" coveredstatements="1" conditionals="4" coveredconditionals="0" methods="3" coveredmethods="0"/>
          <line num="3" count="2" type="stmt"/>
          <line num="6" count="0" type="cond" truecount="0" falsecount="2"/>
          <line num="7" count="0" type="stmt"/>
          <line num="8" count="0" type="cond" truecount="0" falsecount="2"/>
          <line num="9" count="0" type="stmt"/>
          <line num="11" count="0" type="stmt"/>
          <line num="13" count="0" type="stmt"/>
        </file>
        <file name="operators.ts" path="/Users/deanius/src/antares/src/operators.ts">
          <metrics statements="21" coveredstatements="7" conditionals="12" coveredconditionals="0" methods="10" coveredmethods="0"/>
          <line num="1" count="2" type="stmt"/>
          <line num="2" count="2" type="stmt"/>
          <line num="4" count="2" type="stmt"/>
          <line num="5" count="2" type="stmt"/>
          <line num="12" count="2" type="stmt"/>
          <line num="13" count="0" type="cond" truecount="0" falsecount="2"/>
          <line num="16" count="0" type="stmt"/>
          <line num="26" count="2" type="stmt"/>
          <line num="28" count="0" type="stmt"/>
          <line num="36" count="0" type="cond" truecount="0" falsecount="2"/>
          <line num="37" count="0" type="cond" truecount="0" falsecount="2"/>
          <line num="44" count="2" type="stmt"/>
          <line num="45" count="0" type="stmt"/>
          <line num="46" count="0" type="stmt"/>
          <line num="48" count="0" type="stmt"/>
          <line num="50" count="0" type="stmt"/>
          <line num="51" count="0" type="cond" truecount="0" falsecount="2"/>
          <line num="54" count="0" type="stmt"/>
          <line num="55" count="0" type="stmt"/>
          <line num="58" count="0" type="stmt"/>
          <line num="61" count="0" type="stmt"/>
        </file>
        <file name="types.ts" path="/Users/deanius/src/antares/src/types.ts">
          <metrics statements="5" coveredstatements="5" conditionals="2" coveredconditionals="2" methods="1" coveredmethods="1"/>
          <line num="54" count="2" type="cond" truecount="2" falsecount="0"/>
          <line num="56" count="2" type="stmt"/>
          <line num="58" count="2" type="stmt"/>
          <line num="60" count="2" type="stmt"/>
          <line num="62" count="2" type="stmt"/>
        </file>
      </package>
    </metrics>
  </project>
</coverage>
