{"/Users/deanius/src/antares/demos/trivia/game.js": {"path":"/Users/deanius/src/antares/demos/trivia/game.js","statementMap":{"0":{"start":{"line":3,"column":0},"end":{"line":36,"column":1}},"1":{"start":{"line":12,"column":24},"end":{"line":12,"column":54}},"2":{"start":{"line":13,"column":6},"end":{"line":16,"column":7}},"3":{"start":{"line":19,"column":22},"end":{"line":19,"column":48}},"4":{"start":{"line":20,"column":6},"end":{"line":23,"column":7}},"5":{"start":{"line":26,"column":24},"end":{"line":26,"column":81}},"6":{"start":{"line":26,"column":52},"end":{"line":26,"column":80}},"7":{"start":{"line":27,"column":6},"end":{"line":31,"column":7}}},"fnMap":{"0":{"name":"(anonymous_0)","decl":{"start":{"line":11,"column":17},"end":{"line":11,"column":18}},"loc":{"start":{"line":11,"column":38},"end":{"line":17,"column":5}},"line":11},"1":{"name":"(anonymous_1)","decl":{"start":{"line":18,"column":16},"end":{"line":18,"column":17}},"loc":{"start":{"line":18,"column":35},"end":{"line":24,"column":5}},"line":18},"2":{"name":"(anonymous_2)","decl":{"start":{"line":25,"column":18},"end":{"line":25,"column":19}},"loc":{"start":{"line":25,"column":39},"end":{"line":32,"column":5}},"line":25},"3":{"name":"(anonymous_3)","decl":{"start":{"line":26,"column":47},"end":{"line":26,"column":48}},"loc":{"start":{"line":26,"column":52},"end":{"line":26,"column":80}},"line":26}},"branchMap":{},"s":{"0":1,"1":4,"2":4,"3":4,"4":4,"5":8,"6":4,"7":8},"f":{"0":4,"1":4,"2":8,"3":4},"b":{},"_coverageSchema":"332fd63041d2c1bcb487cc26dd0d5f7d97098a6c","hash":"edcbe7e0727babecfd176dd3fe9b58b6874313a4"}
,"/Users/deanius/src/antares/demos/trivia/round.js": {"path":"/Users/deanius/src/antares/demos/trivia/round.js","statementMap":{"0":{"start":{"line":4,"column":25},"end":{"line":4,"column":42}},"1":{"start":{"line":5,"column":0},"end":{"line":34,"column":1}},"2":{"start":{"line":12,"column":22},"end":{"line":12,"column":89}},"3":{"start":{"line":12,"column":62},"end":{"line":12,"column":83}},"4":{"start":{"line":13,"column":6},"end":{"line":18,"column":7}},"5":{"start":{"line":21,"column":24},"end":{"line":21,"column":54}},"6":{"start":{"line":22,"column":25},"end":{"line":22,"column":33}},"7":{"start":{"line":23,"column":22},"end":{"line":26,"column":7}},"8":{"start":{"line":27,"column":6},"end":{"line":31,"column":7}}},"fnMap":{"0":{"name":"(anonymous_0)","decl":{"start":{"line":11,"column":20},"end":{"line":11,"column":21}},"loc":{"start":{"line":11,"column":41},"end":{"line":19,"column":5}},"line":11},"1":{"name":"(anonymous_1)","decl":{"start":{"line":12,"column":46},"end":{"line":12,"column":47}},"loc":{"start":{"line":12,"column":62},"end":{"line":12,"column":83}},"line":12},"2":{"name":"(anonymous_2)","decl":{"start":{"line":20,"column":13},"end":{"line":20,"column":14}},"loc":{"start":{"line":20,"column":34},"end":{"line":32,"column":5}},"line":20}},"branchMap":{},"s":{"0":1,"1":1,"2":8,"3":16,"4":8,"5":4,"6":4,"7":4,"8":4},"f":{"0":8,"1":16,"2":4},"b":{},"_coverageSchema":"332fd63041d2c1bcb487cc26dd0d5f7d97098a6c","hash":"a47127f6a02772920b22e2e359bcf5c6c3645bdb"}
,"/Users/deanius/src/antares/demos/trivia/store.js": {"path":"/Users/deanius/src/antares/demos/trivia/store.js","statementMap":{"0":{"start":{"line":1,"column":14},"end":{"line":1,"column":32}},"1":{"start":{"line":2,"column":13},"end":{"line":2,"column":30}},"2":{"start":{"line":4,"column":0},"end":{"line":24,"column":1}},"3":{"start":{"line":12,"column":26},"end":{"line":12,"column":47}},"4":{"start":{"line":13,"column":21},"end":{"line":13,"column":31}},"5":{"start":{"line":14,"column":8},"end":{"line":20,"column":9}}},"fnMap":{"0":{"name":"(anonymous_0)","decl":{"start":{"line":11,"column":28},"end":{"line":11,"column":29}},"loc":{"start":{"line":11,"column":37},"end":{"line":21,"column":7}},"line":11}},"branchMap":{},"s":{"0":1,"1":1,"2":1,"3":4,"4":4,"5":4},"f":{"0":4},"b":{},"_coverageSchema":"332fd63041d2c1bcb487cc26dd0d5f7d97098a6c","hash":"5e74a9380329cd9a04a980854ef967e98ba9c4f0"}
,"/Users/deanius/src/antares/src/antares-protocol.ts": {"path":"/Users/deanius/src/antares/src/antares-protocol.ts","statementMap":{"0":{"start":{"line":1,"column":0},"end":{"line":1,"column":88}},"1":{"start":{"line":2,"column":0},"end":{"line":2,"column":78}},"2":{"start":{"line":3,"column":0},"end":{"line":14,"column":15}},"3":{"start":{"line":16,"column":0},"end":{"line":16,"column":38}},"4":{"start":{"line":19,"column":15},"end":{"line":19,"column":78}},"5":{"start":{"line":19,"column":54},"end":{"line":19,"column":58}},"6":{"start":{"line":20,"column":0},"end":{"line":30,"column":15}},"7":{"start":{"line":21,"column":2},"end":{"line":21,"column":8}},"8":{"start":{"line":22,"column":2},"end":{"line":22,"column":14}},"9":{"start":{"line":23,"column":2},"end":{"line":23,"column":13}},"10":{"start":{"line":24,"column":2},"end":{"line":24,"column":18}},"11":{"start":{"line":25,"column":2},"end":{"line":25,"column":13}},"12":{"start":{"line":26,"column":2},"end":{"line":26,"column":15}},"13":{"start":{"line":27,"column":2},"end":{"line":27,"column":19}},"14":{"start":{"line":28,"column":2},"end":{"line":28,"column":12}},"15":{"start":{"line":29,"column":2},"end":{"line":29,"column":18}},"16":{"start":{"line":33,"column":0},"end":{"line":33,"column":27}},"17":{"start":{"line":34,"column":0},"end":{"line":34,"column":45}},"18":{"start":{"line":34,"column":9},"end":{"line":34,"column":13}},"19":{"start":{"line":34,"column":15},"end":{"line":34,"column":17}},"20":{"start":{"line":34,"column":19},"end":{"line":34,"column":24}},"21":{"start":{"line":34,"column":26},"end":{"line":34,"column":32}},"22":{"start":{"line":35,"column":0},"end":{"line":35,"column":74}},"23":{"start":{"line":35,"column":9},"end":{"line":35,"column":18}},"24":{"start":{"line":35,"column":20},"end":{"line":35,"column":24}},"25":{"start":{"line":35,"column":26},"end":{"line":35,"column":32}},"26":{"start":{"line":35,"column":34},"end":{"line":35,"column":39}},"27":{"start":{"line":35,"column":41},"end":{"line":35,"column":44}},"28":{"start":{"line":35,"column":46},"end":{"line":35,"column":51}},"29":{"start":{"line":42,"column":0},"end":{"line":334,"column":0}},"30":{"start":{"line":64,"column":14},"end":{"line":64,"column":38}},"31":{"start":{"line":64,"column":2},"end":{"line":109,"column":2}},"32":{"start":{"line":58,"column":10},"end":{"line":58,"column":30}},"33":{"start":{"line":65,"column":4},"end":{"line":65,"column":55}},"34":{"start":{"line":66,"column":4},"end":{"line":66,"column":51}},"35":{"start":{"line":67,"column":4},"end":{"line":67,"column":25}},"36":{"start":{"line":68,"column":4},"end":{"line":68,"column":51}},"37":{"start":{"line":69,"column":4},"end":{"line":69,"column":27}},"38":{"start":{"line":70,"column":4},"end":{"line":70,"column":56}},"39":{"start":{"line":71,"column":4},"end":{"line":71,"column":59}},"40":{"start":{"line":73,"column":4},"end":{"line":81,"column":5}},"41":{"start":{"line":73,"column":16},"end":{"line":73,"column":15}},"42":{"start":{"line":74,"column":6},"end":{"line":80,"column":10}},"43":{"start":{"line":83,"column":4},"end":{"line":96,"column":6}},"44":{"start":{"line":85,"column":8},"end":{"line":94,"column":9}},"45":{"start":{"line":86,"column":28},"end":{"line":86,"column":52}},"46":{"start":{"line":87,"column":10},"end":{"line":93,"column":24}},"47":{"start":{"line":91,"column":21},"end":{"line":91,"column":27}},"48":{"start":{"line":91,"column":34},"end":{"line":91,"column":40}},"49":{"start":{"line":98,"column":4},"end":{"line":108,"column":6}},"50":{"start":{"line":100,"column":8},"end":{"line":106,"column":9}},"51":{"start":{"line":101,"column":28},"end":{"line":101,"column":52}},"52":{"start":{"line":102,"column":10},"end":{"line":105,"column":11}},"53":{"start":{"line":104,"column":19},"end":{"line":104,"column":25}},"54":{"start":{"line":104,"column":32},"end":{"line":104,"column":38}},"55":{"start":{"line":117,"column":2},"end":{"line":194,"column":3}},"56":{"start":{"line":117,"column":2},"end":{"line":194,"column":2}},"57":{"start":{"line":118,"column":20},"end":{"line":118,"column":42}},"58":{"start":{"line":119,"column":29},"end":{"line":119,"column":64}},"59":{"start":{"line":120,"column":26},"end":{"line":120,"column":61}},"60":{"start":{"line":124,"column":4},"end":{"line":128,"column":6}},"61":{"start":{"line":125,"column":6},"end":{"line":125,"column":56}},"62":{"start":{"line":126,"column":6},"end":{"line":126,"column":53}},"63":{"start":{"line":127,"column":6},"end":{"line":127,"column":43}},"64":{"start":{"line":129,"column":17},"end":{"line":129,"column":78}},"65":{"start":{"line":132,"column":4},"end":{"line":144,"column":5}},"66":{"start":{"line":132,"column":23},"end":{"line":132,"column":22}},"67":{"start":{"line":133,"column":19},"end":{"line":133,"column":66}},"68":{"start":{"line":133,"column":61},"end":{"line":133,"column":65}},"69":{"start":{"line":134,"column":16},"end":{"line":134,"column":15}},"70":{"start":{"line":135,"column":13},"end":{"line":135,"column":12}},"71":{"start":{"line":136,"column":6},"end":{"line":143,"column":7}},"72":{"start":{"line":137,"column":8},"end":{"line":137,"column":29}},"73":{"start":{"line":139,"column":8},"end":{"line":139,"column":16}},"74":{"start":{"line":140,"column":8},"end":{"line":140,"column":16}},"75":{"start":{"line":142,"column":8},"end":{"line":142,"column":46}},"76":{"start":{"line":147,"column":4},"end":{"line":147,"column":32}},"77":{"start":{"line":150,"column":23},"end":{"line":150,"column":48}},"78":{"start":{"line":153,"column":4},"end":{"line":160,"column":5}},"79":{"start":{"line":153,"column":13},"end":{"line":153,"column":25}},"80":{"start":{"line":153,"column":14},"end":{"line":153,"column":17}},"81":{"start":{"line":153,"column":19},"end":{"line":153,"column":24}},"82":{"start":{"line":154,"column":6},"end":{"line":159,"column":8}},"83":{"start":{"line":163,"column":4},"end":{"line":190,"column":6}},"84":{"start":{"line":165,"column":32},"end":{"line":167,"column":9}},"85":{"start":{"line":166,"column":54},"end":{"line":166,"column":82}},"86":{"start":{"line":169,"column":10},"end":{"line":186,"column":12}},"87":{"start":{"line":171,"column":14},"end":{"line":184,"column":16}},"88":{"start":{"line":173,"column":16},"end":{"line":183,"column":21}},"89":{"start":{"line":174,"column":34},"end":{"line":174,"column":62}},"90":{"start":{"line":176,"column":18},"end":{"line":182,"column":34}},"91":{"start":{"line":168,"column":8},"end":{"line":187,"column":9}},"92":{"start":{"line":168,"column":21},"end":{"line":168,"column":20}},"93":{"start":{"line":188,"column":8},"end":{"line":188,"column":30}},"94":{"start":{"line":193,"column":4},"end":{"line":193,"column":40}},"95":{"start":{"line":203,"column":2},"end":{"line":209,"column":3}},"96":{"start":{"line":203,"column":55},"end":{"line":203,"column":84}},"97":{"start":{"line":204,"column":17},"end":{"line":207,"column":5}},"98":{"start":{"line":208,"column":4},"end":{"line":208,"column":46}},"99":{"start":{"line":217,"column":2},"end":{"line":230,"column":3}},"100":{"start":{"line":217,"column":2},"end":{"line":230,"column":2}},"101":{"start":{"line":217,"column":32},"end":{"line":217,"column":61}},"102":{"start":{"line":218,"column":4},"end":{"line":218,"column":39}},"103":{"start":{"line":219,"column":17},"end":{"line":219,"column":67}},"104":{"start":{"line":220,"column":4},"end":{"line":220,"column":31}},"105":{"start":{"line":221,"column":4},"end":{"line":221,"column":37}},"106":{"start":{"line":225,"column":16},"end":{"line":225,"column":51}},"107":{"start":{"line":225,"column":46},"end":{"line":225,"column":50}},"108":{"start":{"line":226,"column":4},"end":{"line":228,"column":6}},"109":{"start":{"line":227,"column":6},"end":{"line":227,"column":34}},"110":{"start":{"line":229,"column":4},"end":{"line":229,"column":14}},"111":{"start":{"line":239,"column":2},"end":{"line":333,"column":3}},"112":{"start":{"line":239,"column":2},"end":{"line":333,"column":2}},"113":{"start":{"line":239,"column":38},"end":{"line":239,"column":67}},"114":{"start":{"line":240,"column":4},"end":{"line":240,"column":26}},"115":{"start":{"line":242,"column":17},"end":{"line":242,"column":69}},"116":{"start":{"line":244,"column":18},"end":{"line":244,"column":47}},"117":{"start":{"line":245,"column":4},"end":{"line":245,"column":33}},"118":{"start":{"line":247,"column":24},"end":{"line":247,"column":66}},"119":{"start":{"line":248,"column":12},"end":{"line":248,"column":26}},"120":{"start":{"line":250,"column":16},"end":{"line":331,"column":8}},"121":{"start":{"line":255,"column":27},"end":{"line":255,"column":49}},"122":{"start":{"line":256,"column":8},"end":{"line":256,"column":29}},"123":{"start":{"line":257,"column":8},"end":{"line":257,"column":74}},"124":{"start":{"line":260,"column":25},"end":{"line":260,"column":40}},"125":{"start":{"line":262,"column":10},"end":{"line":266,"column":28}},"126":{"start":{"line":268,"column":8},"end":{"line":268,"column":45}},"127":{"start":{"line":270,"column":26},"end":{"line":287,"column":9}},"128":{"start":{"line":273,"column":12},"end":{"line":273,"column":39}},"129":{"start":{"line":273,"column":33},"end":{"line":273,"column":39}},"130":{"start":{"line":274,"column":12},"end":{"line":274,"column":51}},"131":{"start":{"line":278,"column":12},"end":{"line":278,"column":71}},"132":{"start":{"line":282,"column":12},"end":{"line":282,"column":68}},"133":{"start":{"line":283,"column":12},"end":{"line":283,"column":29}},"134":{"start":{"line":284,"column":12},"end":{"line":284,"column":43}},"135":{"start":{"line":285,"column":12},"end":{"line":285,"column":75}},"136":{"start":{"line":285,"column":64},"end":{"line":285,"column":74}},"137":{"start":{"line":289,"column":27},"end":{"line":289,"column":55}},"138":{"start":{"line":291,"column":27},"end":{"line":294,"column":9}},"139":{"start":{"line":292,"column":10},"end":{"line":292,"column":48}},"140":{"start":{"line":293,"column":10},"end":{"line":293,"column":47}},"141":{"start":{"line":296,"column":8},"end":{"line":301,"column":9}},"142":{"start":{"line":298,"column":10},"end":{"line":300,"column":11}},"143":{"start":{"line":299,"column":12},"end":{"line":299,"column":24}},"144":{"start":{"line":303,"column":8},"end":{"line":307,"column":9}},"145":{"start":{"line":305,"column":10},"end":{"line":305,"column":48}},"146":{"start":{"line":306,"column":10},"end":{"line":306,"column":22}},"147":{"start":{"line":314,"column":8},"end":{"line":326,"column":9}},"148":{"start":{"line":315,"column":10},"end":{"line":325,"column":11}},"149":{"start":{"line":316,"column":12},"end":{"line":316,"column":24}},"150":{"start":{"line":319,"column":12},"end":{"line":324,"column":16}},"151":{"start":{"line":323,"column":16},"end":{"line":323,"column":28}},"152":{"start":{"line":327,"column":8},"end":{"line":329,"column":9}},"153":{"start":{"line":328,"column":10},"end":{"line":328,"column":22}},"154":{"start":{"line":330,"column":8},"end":{"line":330,"column":25}},"155":{"start":{"line":332,"column":4},"end":{"line":332,"column":14}},"156":{"start":{"line":43,"column":16},"end":{"line":43,"column":63}},"157":{"start":{"line":334,"column":0},"end":{"line":334,"column":1}},"158":{"start":{"line":42,"column":13},"end":{"line":42,"column":18}},"159":{"start":{"line":337,"column":2},"end":{"line":340,"column":3}},"160":{"start":{"line":344,"column":2},"end":{"line":344,"column":39}},"161":{"start":{"line":344,"column":20},"end":{"line":344,"column":39}},"162":{"start":{"line":346,"column":10},"end":{"line":346,"column":23}},"163":{"start":{"line":348,"column":2},"end":{"line":355,"column":3}},"164":{"start":{"line":349,"column":22},"end":{"line":349,"column":52}},"165":{"start":{"line":351,"column":37},"end":{"line":353,"column":5}},"166":{"start":{"line":352,"column":6},"end":{"line":352,"column":38}},"167":{"start":{"line":354,"column":4},"end":{"line":354,"column":16}},"168":{"start":{"line":357,"column":2},"end":{"line":357,"column":15}},"169":{"start":{"line":357,"column":14},"end":{"line":357,"column":15}},"170":{"start":{"line":361,"column":2},"end":{"line":361,"column":37}},"171":{"start":{"line":363,"column":2},"end":{"line":366,"column":3}},"172":{"start":{"line":369,"column":13},"end":{"line":369,"column":69}},"173":{"start":{"line":374,"column":13},"end":{"line":381,"column":1}},"174":{"start":{"line":374,"column":51},"end":{"line":381,"column":1}},"175":{"start":{"line":374,"column":54},"end":{"line":374,"column":60}},"176":{"start":{"line":375,"column":2},"end":{"line":375,"column":52}},"177":{"start":{"line":376,"column":2},"end":{"line":380,"column":4}},"178":{"start":{"line":377,"column":4},"end":{"line":379,"column":5}},"179":{"start":{"line":378,"column":6},"end":{"line":378,"column":55}},"180":{"start":{"line":387,"column":13},"end":{"line":389,"column":1}},"181":{"start":{"line":387,"column":25},"end":{"line":387,"column":43}},"182":{"start":{"line":388,"column":2},"end":{"line":388,"column":73}},"183":{"start":{"line":395,"column":13},"end":{"line":402,"column":1}},"184":{"start":{"line":395,"column":31},"end":{"line":395,"column":49}},"185":{"start":{"line":395,"column":51},"end":{"line":395,"column":67}},"186":{"start":{"line":395,"column":72},"end":{"line":402,"column":1}},"187":{"start":{"line":396,"column":2},"end":{"line":396,"column":8}},"188":{"start":{"line":398,"column":2},"end":{"line":398,"column":33}},"189":{"start":{"line":399,"column":16},"end":{"line":399,"column":32}},"190":{"start":{"line":401,"column":2},"end":{"line":401,"column":26}},"191":{"start":{"line":405,"column":13},"end":{"line":405,"column":60}},"192":{"start":{"line":405,"column":38},"end":{"line":405,"column":60}}},"fnMap":{"0":{"name":"(anonymous_5)","decl":{"start":{"line":19,"column":48},"end":{"line":19,"column":53}},"loc":{"start":{"line":19,"column":48},"end":{"line":19,"column":58}}},"1":{"name":"(anonymous_6)","decl":{"start":{"line":42,"column":0},"end":{"line":null,"column":-1}},"loc":{"start":{"line":42,"column":0},"end":{"line":42,"column":-1}}},"2":{"name":"Agent","decl":{"start":{"line":64,"column":2},"end":{"line":64,"column":13}},"loc":{"start":{"line":64,"column":38},"end":{"line":109,"column":3}}},"3":{"name":"(anonymous_8)","decl":{"start":{"line":84,"column":11},"end":{"line":null,"column":-1}},"loc":{"start":{"line":84,"column":11},"end":{"line":95,"column":7}}},"4":{"name":"(anonymous_9)","decl":{"start":{"line":85,"column":15},"end":{"line":85,"column":15}},"loc":{"start":{"line":85,"column":37},"end":{"line":94,"column":9}}},"5":{"name":"(anonymous_10)","decl":{"start":{"line":91,"column":18},"end":{"line":91,"column":18}},"loc":{"start":{"line":91,"column":29},"end":{"line":91,"column":40}}},"6":{"name":"(anonymous_11)","decl":{"start":{"line":99,"column":11},"end":{"line":null,"column":-1}},"loc":{"start":{"line":99,"column":11},"end":{"line":107,"column":7}}},"7":{"name":"(anonymous_12)","decl":{"start":{"line":100,"column":15},"end":{"line":100,"column":15}},"loc":{"start":{"line":100,"column":37},"end":{"line":106,"column":9}}},"8":{"name":"(anonymous_13)","decl":{"start":{"line":104,"column":16},"end":{"line":104,"column":16}},"loc":{"start":{"line":104,"column":27},"end":{"line":104,"column":38}}},"9":{"name":"(anonymous_14)","decl":{"start":{"line":117,"column":2},"end":{"line":117,"column":9}},"loc":{"start":{"line":117,"column":42},"end":{"line":194,"column":3}}},"10":{"name":"(anonymous_15)","decl":{"start":{"line":124,"column":31},"end":{"line":124,"column":30}},"loc":{"start":{"line":124,"column":35},"end":{"line":128,"column":5}}},"11":{"name":"(anonymous_16)","decl":{"start":{"line":133,"column":55},"end":{"line":133,"column":60}},"loc":{"start":{"line":133,"column":55},"end":{"line":133,"column":65}}},"12":{"name":"(anonymous_17)","decl":{"start":{"line":164,"column":11},"end":{"line":null,"column":-1}},"loc":{"start":{"line":164,"column":11},"end":{"line":189,"column":7}}},"13":{"name":"(anonymous_18)","decl":{"start":{"line":166,"column":49},"end":{"line":166,"column":48}},"loc":{"start":{"line":166,"column":50},"end":{"line":166,"column":82}}},"14":{"name":"(anonymous_20)","decl":{"start":{"line":170,"column":17},"end":{"line":null,"column":-1}},"loc":{"start":{"line":170,"column":17},"end":{"line":185,"column":13}}},"15":{"name":"(anonymous_21)","decl":{"start":{"line":171,"column":33},"end":{"line":171,"column":32}},"loc":{"start":{"line":171,"column":40},"end":{"line":184,"column":15}}},"16":{"name":"(anonymous_22)","decl":{"start":{"line":173,"column":27},"end":{"line":null,"column":-1}},"loc":{"start":{"line":173,"column":27},"end":{"line":183,"column":17}}},"17":{"name":"(anonymous_23)","decl":{"start":{"line":203,"column":2},"end":{"line":203,"column":4}},"loc":{"start":{"line":203,"column":84},"end":{"line":209,"column":3}}},"18":{"name":"(anonymous_24)","decl":{"start":{"line":217,"column":2},"end":{"line":217,"column":11}},"loc":{"start":{"line":217,"column":61},"end":{"line":230,"column":3}}},"19":{"name":"(anonymous_25)","decl":{"start":{"line":225,"column":39},"end":{"line":225,"column":38}},"loc":{"start":{"line":225,"column":42},"end":{"line":225,"column":50}}},"20":{"name":"(anonymous_26)","decl":{"start":{"line":226,"column":12},"end":{"line":null,"column":-1}},"loc":{"start":{"line":226,"column":12},"end":{"line":228,"column":5}}},"21":{"name":"(anonymous_27)","decl":{"start":{"line":239,"column":2},"end":{"line":239,"column":13}},"loc":{"start":{"line":239,"column":67},"end":{"line":333,"column":3}}},"22":{"name":"(anonymous_28)","decl":{"start":{"line":254,"column":17},"end":{"line":254,"column":16}},"loc":{"start":{"line":254,"column":20},"end":{"line":331,"column":7}}},"23":{"name":"(anonymous_29)","decl":{"start":{"line":272,"column":16},"end":{"line":272,"column":16}},"loc":{"start":{"line":272,"column":37},"end":{"line":275,"column":11}}},"24":{"name":"(anonymous_30)","decl":{"start":{"line":276,"column":20},"end":{"line":null,"column":-1}},"loc":{"start":{"line":276,"column":20},"end":{"line":279,"column":11}}},"25":{"name":"(anonymous_31)","decl":{"start":{"line":280,"column":17},"end":{"line":null,"column":-1}},"loc":{"start":{"line":280,"column":17},"end":{"line":286,"column":11}}},"26":{"name":"(anonymous_32)","decl":{"start":{"line":285,"column":59},"end":{"line":285,"column":58}},"loc":{"start":{"line":285,"column":60},"end":{"line":285,"column":74}}},"27":{"name":"(anonymous_33)","decl":{"start":{"line":291,"column":27},"end":{"line":null,"column":-1}},"loc":{"start":{"line":291,"column":27},"end":{"line":294,"column":9}}},"28":{"name":"(anonymous_34)","decl":{"start":{"line":322,"column":20},"end":{"line":null,"column":-1}},"loc":{"start":{"line":322,"column":20},"end":{"line":324,"column":15}}},"29":{"name":"validateSubscriberName","decl":{"start":{"line":336,"column":0},"end":{"line":336,"column":31}},"loc":{"start":{"line":336,"column":56},"end":{"line":341,"column":1}}},"30":{"name":"streamTransformerFrom","decl":{"start":{"line":343,"column":0},"end":{"line":343,"column":30}},"loc":{"start":{"line":343,"column":55},"end":{"line":358,"column":1}}},"31":{"name":"(anonymous_37)","decl":{"start":{"line":351,"column":37},"end":{"line":351,"column":36}},"loc":{"start":{"line":351,"column":38},"end":{"line":353,"column":5}}},"32":{"name":"(anonymous_38)","decl":{"start":{"line":357,"column":9},"end":{"line":357,"column":8}},"loc":{"start":{"line":357,"column":10},"end":{"line":357,"column":15}}},"33":{"name":"validateConfig","decl":{"start":{"line":360,"column":0},"end":{"line":360,"column":23}},"loc":{"start":{"line":360,"column":48},"end":{"line":367,"column":1}}},"34":{"name":"(anonymous_40)","decl":{"start":{"line":374,"column":33},"end":{"line":374,"column":33}},"loc":{"start":{"line":374,"column":46},"end":{"line":381,"column":1}}},"35":{"name":"(anonymous_41)","decl":{"start":{"line":374,"column":51},"end":{"line":374,"column":51}},"loc":{"start":{"line":374,"column":80},"end":{"line":381,"column":1}}},"36":{"name":"(anonymous_42)","decl":{"start":{"line":376,"column":34},"end":{"line":376,"column":33}},"loc":{"start":{"line":376,"column":37},"end":{"line":380,"column":3}}},"37":{"name":"(anonymous_43)","decl":{"start":{"line":387,"column":24},"end":{"line":387,"column":24}},"loc":{"start":{"line":387,"column":43},"end":{"line":389,"column":1}}},"38":{"name":"(anonymous_44)","decl":{"start":{"line":395,"column":30},"end":{"line":395,"column":30}},"loc":{"start":{"line":395,"column":67},"end":{"line":402,"column":1}}},"39":{"name":"(anonymous_45)","decl":{"start":{"line":395,"column":72},"end":{"line":395,"column":72}},"loc":{"start":{"line":397,"column":19},"end":{"line":402,"column":1}}},"40":{"name":"(anonymous_46)","decl":{"start":{"line":405,"column":18},"end":{"line":405,"column":18}},"loc":{"start":{"line":405,"column":33},"end":{"line":405,"column":60}}}},"branchMap":{"0":{"loc":{"start":{"line":19,"column":48},"end":{"line":19,"column":58}},"type":"cond-expr","locations":[{"start":{"line":19,"column":48},"end":{"line":19,"column":58}},{"start":{"line":19,"column":61},"end":{"line":19,"column":78}}]},"1":{"loc":{"start":{"line":64,"column":14},"end":{"line":64,"column":38}},"type":"if","locations":[{"start":{"line":64,"column":14},"end":{"line":64,"column":38}},{"start":{"line":64,"column":14},"end":{"line":64,"column":38}}]},"2":{"loc":{"start":{"line":74,"column":6},"end":{"line":74,"column":43}},"type":"binary-expr","locations":[{"start":{"line":74,"column":6},"end":{"line":74,"column":43}},{"start":{"line":75,"column":8},"end":{"line":80,"column":10}}]},"3":{"loc":{"start":{"line":133,"column":19},"end":{"line":133,"column":50}},"type":"binary-expr","locations":[{"start":{"line":133,"column":19},"end":{"line":133,"column":50}},{"start":{"line":133,"column":55},"end":{"line":133,"column":65}}]},"4":{"loc":{"start":{"line":142,"column":32},"end":{"line":142,"column":38}},"type":"binary-expr","locations":[{"start":{"line":142,"column":32},"end":{"line":142,"column":38}},{"start":{"line":142,"column":42},"end":{"line":142,"column":45}}]},"5":{"loc":{"start":{"line":203,"column":55},"end":{"line":203,"column":84}},"type":"if","locations":[{"start":{"line":203,"column":55},"end":{"line":203,"column":84}},{"start":{"line":203,"column":55},"end":{"line":203,"column":84}}]},"6":{"loc":{"start":{"line":217,"column":32},"end":{"line":217,"column":61}},"type":"if","locations":[{"start":{"line":217,"column":32},"end":{"line":217,"column":61}},{"start":{"line":217,"column":32},"end":{"line":217,"column":61}}]},"7":{"loc":{"start":{"line":219,"column":17},"end":{"line":219,"column":28}},"type":"binary-expr","locations":[{"start":{"line":219,"column":17},"end":{"line":219,"column":28}},{"start":{"line":219,"column":32},"end":{"line":219,"column":67}}]},"8":{"loc":{"start":{"line":239,"column":38},"end":{"line":239,"column":67}},"type":"if","locations":[{"start":{"line":239,"column":38},"end":{"line":239,"column":67}},{"start":{"line":239,"column":38},"end":{"line":239,"column":67}}]},"9":{"loc":{"start":{"line":242,"column":17},"end":{"line":242,"column":28}},"type":"binary-expr","locations":[{"start":{"line":242,"column":17},"end":{"line":242,"column":28}},{"start":{"line":242,"column":32},"end":{"line":242,"column":69}}]},"10":{"loc":{"start":{"line":247,"column":24},"end":{"line":247,"column":42}},"type":"binary-expr","locations":[{"start":{"line":247,"column":24},"end":{"line":247,"column":42}},{"start":{"line":247,"column":46},"end":{"line":247,"column":66}}]},"11":{"loc":{"start":{"line":257,"column":8},"end":{"line":257,"column":28}},"type":"binary-expr","locations":[{"start":{"line":257,"column":8},"end":{"line":257,"column":28}},{"start":{"line":257,"column":32},"end":{"line":257,"column":74}}]},"12":{"loc":{"start":{"line":263,"column":14},"end":{"line":263,"column":22}},"type":"cond-expr","locations":[{"start":{"line":263,"column":14},"end":{"line":263,"column":22}},{"start":{"line":264,"column":14},"end":{"line":266,"column":28}}]},"13":{"loc":{"start":{"line":262,"column":10},"end":{"line":262,"column":18}},"type":"binary-expr","locations":[{"start":{"line":262,"column":10},"end":{"line":262,"column":18}},{"start":{"line":262,"column":22},"end":{"line":262,"column":40}}]},"14":{"loc":{"start":{"line":265,"column":16},"end":{"line":265,"column":30}},"type":"cond-expr","locations":[{"start":{"line":265,"column":16},"end":{"line":265,"column":30}},{"start":{"line":266,"column":16},"end":{"line":266,"column":28}}]},"15":{"loc":{"start":{"line":264,"column":14},"end":{"line":264,"column":22}},"type":"binary-expr","locations":[{"start":{"line":264,"column":14},"end":{"line":264,"column":22}},{"start":{"line":264,"column":26},"end":{"line":264,"column":51}},{"start":{"line":264,"column":55},"end":{"line":264,"column":74}}]},"16":{"loc":{"start":{"line":273,"column":12},"end":{"line":273,"column":39}},"type":"if","locations":[{"start":{"line":273,"column":12},"end":{"line":273,"column":39}},{"start":{"line":273,"column":12},"end":{"line":273,"column":39}}]},"17":{"loc":{"start":{"line":278,"column":12},"end":{"line":278,"column":29}},"type":"binary-expr","locations":[{"start":{"line":278,"column":12},"end":{"line":278,"column":29}},{"start":{"line":278,"column":33},"end":{"line":278,"column":71}}]},"18":{"loc":{"start":{"line":282,"column":12},"end":{"line":282,"column":29}},"type":"binary-expr","locations":[{"start":{"line":282,"column":12},"end":{"line":282,"column":29}},{"start":{"line":282,"column":33},"end":{"line":282,"column":68}}]},"19":{"loc":{"start":{"line":296,"column":8},"end":{"line":301,"column":9}},"type":"if","locations":[{"start":{"line":296,"column":8},"end":{"line":301,"column":9}},{"start":{"line":296,"column":8},"end":{"line":301,"column":9}}]},"20":{"loc":{"start":{"line":298,"column":10},"end":{"line":300,"column":11}},"type":"if","locations":[{"start":{"line":298,"column":10},"end":{"line":300,"column":11}},{"start":{"line":298,"column":10},"end":{"line":300,"column":11}}]},"21":{"loc":{"start":{"line":298,"column":14},"end":{"line":298,"column":25}},"type":"binary-expr","locations":[{"start":{"line":298,"column":14},"end":{"line":298,"column":25}},{"start":{"line":298,"column":30},"end":{"line":298,"column":40}},{"start":{"line":298,"column":44},"end":{"line":298,"column":61}}]},"22":{"loc":{"start":{"line":303,"column":8},"end":{"line":307,"column":9}},"type":"if","locations":[{"start":{"line":303,"column":8},"end":{"line":307,"column":9}},{"start":{"line":303,"column":8},"end":{"line":307,"column":9}}]},"23":{"loc":{"start":{"line":305,"column":10},"end":{"line":305,"column":20}},"type":"binary-expr","locations":[{"start":{"line":305,"column":10},"end":{"line":305,"column":20}},{"start":{"line":305,"column":24},"end":{"line":305,"column":48}}]},"24":{"loc":{"start":{"line":314,"column":8},"end":{"line":326,"column":9}},"type":"if","locations":[{"start":{"line":314,"column":8},"end":{"line":326,"column":9}},{"start":{"line":314,"column":8},"end":{"line":326,"column":9}}]},"25":{"loc":{"start":{"line":315,"column":10},"end":{"line":325,"column":11}},"type":"if","locations":[{"start":{"line":315,"column":10},"end":{"line":325,"column":11}},{"start":{"line":315,"column":10},"end":{"line":325,"column":11}}]},"26":{"loc":{"start":{"line":327,"column":8},"end":{"line":329,"column":9}},"type":"if","locations":[{"start":{"line":327,"column":8},"end":{"line":329,"column":9}},{"start":{"line":327,"column":8},"end":{"line":329,"column":9}}]},"27":{"loc":{"start":{"line":338,"column":4},"end":{"line":338,"column":9}},"type":"binary-expr","locations":[{"start":{"line":338,"column":4},"end":{"line":338,"column":9}},{"start":{"line":338,"column":13},"end":{"line":338,"column":52}}]},"28":{"loc":{"start":{"line":344,"column":2},"end":{"line":344,"column":39}},"type":"if","locations":[{"start":{"line":344,"column":2},"end":{"line":344,"column":39}},{"start":{"line":344,"column":2},"end":{"line":344,"column":39}}]},"29":{"loc":{"start":{"line":348,"column":2},"end":{"line":355,"column":3}},"type":"if","locations":[{"start":{"line":348,"column":2},"end":{"line":355,"column":3}},{"start":{"line":348,"column":2},"end":{"line":355,"column":3}}]},"30":{"loc":{"start":{"line":364,"column":4},"end":{"line":364,"column":17}},"type":"binary-expr","locations":[{"start":{"line":364,"column":4},"end":{"line":364,"column":17}},{"start":{"line":364,"column":21},"end":{"line":364,"column":42}}]},"31":{"loc":{"start":{"line":375,"column":32},"end":{"line":375,"column":43}},"type":"binary-expr","locations":[{"start":{"line":375,"column":32},"end":{"line":375,"column":43}},{"start":{"line":375,"column":47},"end":{"line":375,"column":49}}]},"32":{"loc":{"start":{"line":377,"column":4},"end":{"line":379,"column":5}},"type":"if","locations":[{"start":{"line":377,"column":4},"end":{"line":379,"column":5}},{"start":{"line":377,"column":4},"end":{"line":379,"column":5}}]},"33":{"loc":{"start":{"line":387,"column":25},"end":{"line":387,"column":43}},"type":"if","locations":[{"start":{"line":387,"column":25},"end":{"line":387,"column":43}},{"start":{"line":387,"column":25},"end":{"line":387,"column":43}}]},"34":{"loc":{"start":{"line":395,"column":31},"end":{"line":395,"column":49}},"type":"if","locations":[{"start":{"line":395,"column":31},"end":{"line":395,"column":49}},{"start":{"line":395,"column":31},"end":{"line":395,"column":49}}]},"35":{"loc":{"start":{"line":395,"column":51},"end":{"line":395,"column":67}},"type":"if","locations":[{"start":{"line":395,"column":51},"end":{"line":395,"column":67}},{"start":{"line":395,"column":51},"end":{"line":395,"column":67}}]},"36":{"loc":{"start":{"line":398,"column":16},"end":{"line":398,"column":27}},"type":"binary-expr","locations":[{"start":{"line":398,"column":16},"end":{"line":398,"column":27}},{"start":{"line":398,"column":31},"end":{"line":398,"column":33}}]}},"s":{"0":2,"1":2,"2":2,"3":2,"4":2,"5":0,"6":2,"7":2,"8":2,"9":2,"10":2,"11":2,"12":2,"13":2,"14":2,"15":2,"16":2,"17":2,"18":2,"19":2,"20":2,"21":2,"22":2,"23":2,"24":2,"25":2,"26":2,"27":2,"28":2,"29":2,"30":3,"31":3,"32":3,"33":3,"34":3,"35":3,"36":3,"37":3,"38":3,"39":3,"40":3,"41":4,"42":4,"43":3,"44":0,"45":0,"46":0,"47":0,"48":0,"49":3,"50":0,"51":0,"52":0,"53":0,"54":0,"55":2,"56":24,"57":24,"58":24,"59":24,"60":24,"61":0,"62":0,"63":0,"64":24,"65":24,"66":96,"67":96,"68":0,"69":96,"70":96,"71":96,"72":96,"73":0,"74":0,"75":96,"76":24,"77":24,"78":24,"79":96,"80":96,"81":96,"82":96,"83":24,"84":0,"85":0,"86":0,"87":0,"88":0,"89":0,"90":0,"91":0,"92":0,"93":0,"94":24,"95":2,"96":0,"97":0,"98":0,"99":2,"100":12,"101":24,"102":12,"103":12,"104":12,"105":12,"106":12,"107":96,"108":12,"109":0,"110":12,"111":2,"112":0,"113":0,"114":0,"115":0,"116":0,"117":0,"118":0,"119":0,"120":0,"121":0,"122":0,"123":0,"124":0,"125":0,"126":0,"127":0,"128":0,"129":0,"130":0,"131":0,"132":0,"133":0,"134":0,"135":0,"136":0,"137":0,"138":0,"139":0,"140":0,"141":0,"142":0,"143":0,"144":0,"145":0,"146":0,"147":0,"148":0,"149":0,"150":0,"151":0,"152":0,"153":0,"154":0,"155":0,"156":2,"157":2,"158":2,"159":12,"160":0,"161":0,"162":0,"163":0,"164":0,"165":0,"166":0,"167":0,"168":0,"169":0,"170":0,"171":0,"172":2,"173":2,"174":3,"175":24,"176":24,"177":24,"178":48,"179":30,"180":2,"181":2024,"182":1024,"183":2,"184":6,"185":6,"186":3,"187":24,"188":24,"189":24,"190":24,"191":2,"192":0},"f":{"0":0,"1":2,"2":3,"3":0,"4":0,"5":0,"6":0,"7":0,"8":0,"9":24,"10":0,"11":0,"12":0,"13":0,"14":0,"15":0,"16":0,"17":0,"18":12,"19":96,"20":0,"21":0,"22":0,"23":0,"24":0,"25":0,"26":0,"27":0,"28":0,"29":12,"30":0,"31":0,"32":0,"33":0,"34":3,"35":24,"36":48,"37":1024,"38":3,"39":24,"40":0},"b":{"0":[0,2],"1":[0,3],"2":[4,4],"3":[96,0],"4":[96,72],"5":[0,0],"6":[12,0],"7":[12,12],"8":[0,0],"9":[0,0],"10":[0,0],"11":[0,0],"12":[0,0],"13":[0,0],"14":[0,0],"15":[0,0,0],"16":[0,0],"17":[0,0],"18":[0,0],"19":[0,0],"20":[0,0],"21":[0,0,0],"22":[0,0],"23":[0,0],"24":[0,0],"25":[0,0],"26":[0,0],"27":[12,0],"28":[0,0],"29":[0,0],"30":[0,0],"31":[24,4],"32":[30,18],"33":[1000,24],"34":[3,0],"35":[3,0],"36":[24,0]}}
,"/Users/deanius/src/antares/src/lib.ts": {"path":"/Users/deanius/src/antares/src/lib.ts","statementMap":{"0":{"start":{"line":3,"column":13},"end":{"line":14,"column":1}},"1":{"start":{"line":6,"column":2},"end":{"line":12,"column":3}},"2":{"start":{"line":7,"column":4},"end":{"line":7,"column":81}},"3":{"start":{"line":7,"column":19},"end":{"line":7,"column":25}},"4":{"start":{"line":7,"column":50},"end":{"line":7,"column":81}},"5":{"start":{"line":8,"column":9},"end":{"line":12,"column":3}},"6":{"start":{"line":9,"column":4},"end":{"line":9,"column":29}},"7":{"start":{"line":11,"column":4},"end":{"line":11,"column":79}},"8":{"start":{"line":11,"column":19},"end":{"line":11,"column":25}},"9":{"start":{"line":11,"column":50},"end":{"line":11,"column":79}},"10":{"start":{"line":13,"column":2},"end":{"line":13,"column":18}}},"fnMap":{"0":{"name":"(anonymous_0)","decl":{"start":{"line":3,"column":31},"end":{"line":3,"column":31}},"loc":{"start":{"line":3,"column":59},"end":{"line":14,"column":1}}},"1":{"name":"(anonymous_1)","decl":{"start":{"line":7,"column":16},"end":{"line":7,"column":16}},"loc":{"start":{"line":7,"column":45},"end":{"line":7,"column":81}}},"2":{"name":"(anonymous_2)","decl":{"start":{"line":11,"column":16},"end":{"line":11,"column":16}},"loc":{"start":{"line":11,"column":45},"end":{"line":11,"column":79}}}},"branchMap":{"0":{"loc":{"start":{"line":6,"column":2},"end":{"line":12,"column":3}},"type":"if","locations":[{"start":{"line":6,"column":2},"end":{"line":12,"column":3}},{"start":{"line":6,"column":2},"end":{"line":12,"column":3}}]},"1":{"loc":{"start":{"line":8,"column":9},"end":{"line":12,"column":3}},"type":"if","locations":[{"start":{"line":8,"column":9},"end":{"line":12,"column":3}},{"start":{"line":8,"column":9},"end":{"line":12,"column":3}}]}},"s":{"0":2,"1":0,"2":0,"3":0,"4":0,"5":0,"6":0,"7":0,"8":0,"9":0,"10":0},"f":{"0":0,"1":0,"2":0},"b":{"0":[0,0],"1":[0,0]}}
,"/Users/deanius/src/antares/src/operators.ts": {"path":"/Users/deanius/src/antares/src/operators.ts","statementMap":{"0":{"start":{"line":1,"column":0},"end":{"line":1,"column":42}},"1":{"start":{"line":2,"column":0},"end":{"line":2,"column":31}},"2":{"start":{"line":4,"column":0},"end":{"line":4,"column":51}},"3":{"start":{"line":5,"column":0},"end":{"line":5,"column":51}},"4":{"start":{"line":12,"column":13},"end":{"line":21,"column":1}},"5":{"start":{"line":13,"column":8},"end":{"line":14,"column":87}},"6":{"start":{"line":13,"column":8},"end":{"line":14,"column":86}},"7":{"start":{"line":13,"column":9},"end":{"line":13,"column":12}},"8":{"start":{"line":13,"column":14},"end":{"line":13,"column":20}},"9":{"start":{"line":16,"column":2},"end":{"line":20,"column":3}},"10":{"start":{"line":26,"column":13},"end":{"line":40,"column":1}},"11":{"start":{"line":28,"column":2},"end":{"line":39,"column":3}},"12":{"start":{"line":36,"column":24},"end":{"line":36,"column":86}},"13":{"start":{"line":37,"column":6},"end":{"line":37,"column":71}},"14":{"start":{"line":44,"column":13},"end":{"line":64,"column":4}},"15":{"start":{"line":44,"column":31},"end":{"line":64,"column":4}},"16":{"start":{"line":45,"column":2},"end":{"line":64,"column":4}},"17":{"start":{"line":46,"column":24},"end":{"line":46,"column":26}},"18":{"start":{"line":48,"column":4},"end":{"line":63,"column":6}},"19":{"start":{"line":50,"column":22},"end":{"line":50,"column":47}},"20":{"start":{"line":51,"column":8},"end":{"line":51,"column":38}},"21":{"start":{"line":51,"column":32},"end":{"line":51,"column":38}},"22":{"start":{"line":54,"column":8},"end":{"line":54,"column":28}},"23":{"start":{"line":55,"column":8},"end":{"line":55,"column":25}},"24":{"start":{"line":58,"column":8},"end":{"line":58,"column":27}},"25":{"start":{"line":61,"column":8},"end":{"line":61,"column":27}}},"fnMap":{"0":{"name":"(anonymous_1)","decl":{"start":{"line":12,"column":21},"end":{"line":12,"column":21}},"loc":{"start":{"line":12,"column":60},"end":{"line":21,"column":1}}},"1":{"name":"(anonymous_2)","decl":{"start":{"line":13,"column":8},"end":{"line":14,"column":86}},"loc":{"start":{"line":13,"column":8},"end":{"line":14,"column":86}}},"2":{"name":"(anonymous_3)","decl":{"start":{"line":26,"column":32},"end":{"line":26,"column":32}},"loc":{"start":{"line":26,"column":58},"end":{"line":40,"column":1}}},"3":{"name":"(anonymous_4)","decl":{"start":{"line":35,"column":12},"end":{"line":35,"column":11}},"loc":{"start":{"line":35,"column":16},"end":{"line":38,"column":5}}},"4":{"name":"(anonymous_5)","decl":{"start":{"line":44,"column":25},"end":{"line":44,"column":30}},"loc":{"start":{"line":44,"column":25},"end":{"line":64,"column":4}}},"5":{"name":"(anonymous_6)","decl":{"start":{"line":44,"column":31},"end":{"line":44,"column":34}},"loc":{"start":{"line":44,"column":56},"end":{"line":64,"column":4}}},"6":{"name":"(anonymous_7)","decl":{"start":{"line":45,"column":30},"end":{"line":45,"column":29}},"loc":{"start":{"line":45,"column":38},"end":{"line":64,"column":3}}},"7":{"name":"(anonymous_8)","decl":{"start":{"line":49,"column":10},"end":{"line":49,"column":10}},"loc":{"start":{"line":49,"column":17},"end":{"line":56,"column":7}}},"8":{"name":"(anonymous_9)","decl":{"start":{"line":57,"column":11},"end":{"line":57,"column":11}},"loc":{"start":{"line":57,"column":15},"end":{"line":59,"column":7}}},"9":{"name":"(anonymous_10)","decl":{"start":{"line":60,"column":14},"end":{"line":null,"column":-1}},"loc":{"start":{"line":60,"column":14},"end":{"line":62,"column":7}}}},"branchMap":{"0":{"loc":{"start":{"line":13,"column":8},"end":{"line":14,"column":86}},"type":"cond-expr","locations":[{"start":{"line":13,"column":8},"end":{"line":14,"column":86}},{"start":{"line":13,"column":8},"end":{"line":14,"column":86}}]},"1":{"loc":{"start":{"line":30,"column":12},"end":{"line":30,"column":23}},"type":"binary-expr","locations":[{"start":{"line":30,"column":12},"end":{"line":30,"column":23}},{"start":{"line":30,"column":27},"end":{"line":30,"column":32}}]},"2":{"loc":{"start":{"line":32,"column":13},"end":{"line":32,"column":25}},"type":"binary-expr","locations":[{"start":{"line":32,"column":13},"end":{"line":32,"column":25}},{"start":{"line":32,"column":29},"end":{"line":32,"column":38}}]},"3":{"loc":{"start":{"line":36,"column":41},"end":{"line":36,"column":70}},"type":"cond-expr","locations":[{"start":{"line":36,"column":41},"end":{"line":36,"column":70}},{"start":{"line":36,"column":73},"end":{"line":36,"column":86}}]},"4":{"loc":{"start":{"line":37,"column":40},"end":{"line":37,"column":55}},"type":"cond-expr","locations":[{"start":{"line":37,"column":40},"end":{"line":37,"column":55}},{"start":{"line":37,"column":58},"end":{"line":37,"column":71}}]},"5":{"loc":{"start":{"line":51,"column":8},"end":{"line":51,"column":38}},"type":"if","locations":[{"start":{"line":51,"column":8},"end":{"line":51,"column":38}},{"start":{"line":51,"column":8},"end":{"line":51,"column":38}}]}},"s":{"0":2,"1":2,"2":2,"3":2,"4":2,"5":0,"6":0,"7":0,"8":0,"9":0,"10":2,"11":0,"12":0,"13":0,"14":2,"15":0,"16":0,"17":0,"18":0,"19":0,"20":0,"21":0,"22":0,"23":0,"24":0,"25":0},"f":{"0":0,"1":0,"2":0,"3":0,"4":0,"5":0,"6":0,"7":0,"8":0,"9":0},"b":{"0":[0,0],"1":[0,0],"2":[0,0],"3":[0,0],"4":[0,0],"5":[0,0]}}
,"/Users/deanius/src/antares/src/types.ts": {"path":"/Users/deanius/src/antares/src/types.ts","statementMap":{"0":{"start":{"line":54,"column":0},"end":{"line":63,"column":1}},"1":{"start":{"line":56,"column":2},"end":{"line":56,"column":23}},"2":{"start":{"line":58,"column":2},"end":{"line":58,"column":19}},"3":{"start":{"line":60,"column":2},"end":{"line":60,"column":19}},"4":{"start":{"line":62,"column":2},"end":{"line":62,"column":15}}},"fnMap":{"0":{"name":"(anonymous_0)","decl":{"start":{"line":54,"column":0},"end":{"line":54,"column":11}},"loc":{"start":{"line":54,"column":23},"end":{"line":63,"column":1}}}},"branchMap":{"0":{"loc":{"start":{"line":54,"column":12},"end":{"line":54,"column":23}},"type":"binary-expr","locations":[{"start":{"line":54,"column":12},"end":{"line":54,"column":23}},{"start":{"line":54,"column":12},"end":{"line":54,"column":23}}]}},"s":{"0":2,"1":2,"2":2,"3":2,"4":2},"f":{"0":2},"b":{"0":[2,2]}}
}
