TN:
SF:/Users/deanius/src/antares/demos/trivia/game.js
FN:11,(anonymous_0)
FN:18,(anonymous_1)
FN:25,(anonymous_2)
FN:26,(anonymous_3)
FNF:4
FNH:4
FNDA:4,(anonymous_0)
FNDA:4,(anonymous_1)
FNDA:8,(anonymous_2)
FNDA:4,(anonymous_3)
DA:3,1
DA:12,4
DA:13,4
DA:19,4
DA:20,4
DA:26,8
DA:27,8
LF:7
LH:7
BRF:0
BRH:0
end_of_record
TN:
SF:/Users/deanius/src/antares/demos/trivia/round.js
FN:11,(anonymous_0)
FN:12,(anonymous_1)
FN:20,(anonymous_2)
FNF:3
FNH:3
FNDA:8,(anonymous_0)
FNDA:16,(anonymous_1)
FNDA:4,(anonymous_2)
DA:4,1
DA:5,1
DA:12,16
DA:13,8
DA:21,4
DA:22,4
DA:23,4
DA:27,4
LF:8
LH:8
BRF:0
BRH:0
end_of_record
TN:
SF:/Users/deanius/src/antares/demos/trivia/store.js
FN:11,(anonymous_0)
FNF:1
FNH:1
FNDA:4,(anonymous_0)
DA:1,1
DA:2,1
DA:4,1
DA:12,4
DA:13,4
DA:14,4
LF:6
LH:6
BRF:0
BRH:0
end_of_record
TN:
SF:/Users/deanius/src/antares/src/antares-protocol.ts
FN:19,(anonymous_5)
FN:42,(anonymous_6)
FN:64,Agent
FN:84,(anonymous_8)
FN:85,(anonymous_9)
FN:91,(anonymous_10)
FN:99,(anonymous_11)
FN:100,(anonymous_12)
FN:104,(anonymous_13)
FN:117,(anonymous_14)
FN:124,(anonymous_15)
FN:133,(anonymous_16)
FN:164,(anonymous_17)
FN:166,(anonymous_18)
FN:170,(anonymous_20)
FN:171,(anonymous_21)
FN:173,(anonymous_22)
FN:203,(anonymous_23)
FN:217,(anonymous_24)
FN:225,(anonymous_25)
FN:226,(anonymous_26)
FN:239,(anonymous_27)
FN:254,(anonymous_28)
FN:272,(anonymous_29)
FN:276,(anonymous_30)
FN:280,(anonymous_31)
FN:285,(anonymous_32)
FN:291,(anonymous_33)
FN:322,(anonymous_34)
FN:336,validateSubscriberName
FN:343,streamTransformerFrom
FN:351,(anonymous_37)
FN:357,(anonymous_38)
FN:360,validateConfig
FN:374,(anonymous_40)
FN:374,(anonymous_41)
FN:376,(anonymous_42)
FN:387,(anonymous_43)
FN:395,(anonymous_44)
FN:395,(anonymous_45)
FN:405,(anonymous_46)
FNF:41
FNH:12
FNDA:0,(anonymous_5)
FNDA:2,(anonymous_6)
FNDA:3,Agent
FNDA:0,(anonymous_8)
FNDA:0,(anonymous_9)
FNDA:0,(anonymous_10)
FNDA:0,(anonymous_11)
FNDA:0,(anonymous_12)
FNDA:0,(anonymous_13)
FNDA:24,(anonymous_14)
FNDA:0,(anonymous_15)
FNDA:0,(anonymous_16)
FNDA:0,(anonymous_17)
FNDA:0,(anonymous_18)
FNDA:0,(anonymous_20)
FNDA:0,(anonymous_21)
FNDA:0,(anonymous_22)
FNDA:0,(anonymous_23)
FNDA:12,(anonymous_24)
FNDA:96,(anonymous_25)
FNDA:0,(anonymous_26)
FNDA:0,(anonymous_27)
FNDA:0,(anonymous_28)
FNDA:0,(anonymous_29)
FNDA:0,(anonymous_30)
FNDA:0,(anonymous_31)
FNDA:0,(anonymous_32)
FNDA:0,(anonymous_33)
FNDA:0,(anonymous_34)
FNDA:12,validateSubscriberName
FNDA:0,streamTransformerFrom
FNDA:0,(anonymous_37)
FNDA:0,(anonymous_38)
FNDA:0,validateConfig
FNDA:3,(anonymous_40)
FNDA:24,(anonymous_41)
FNDA:48,(anonymous_42)
FNDA:1024,(anonymous_43)
FNDA:3,(anonymous_44)
FNDA:24,(anonymous_45)
FNDA:0,(anonymous_46)
DA:1,2
DA:2,2
DA:3,2
DA:16,2
DA:19,2
DA:20,2
DA:21,2
DA:22,2
DA:23,2
DA:24,2
DA:25,2
DA:26,2
DA:27,2
DA:28,2
DA:29,2
DA:33,2
DA:34,2
DA:35,2
DA:42,2
DA:43,2
DA:58,3
DA:64,3
DA:65,3
DA:66,3
DA:67,3
DA:68,3
DA:69,3
DA:70,3
DA:71,3
DA:73,4
DA:74,4
DA:83,3
DA:85,0
DA:86,0
DA:87,0
DA:91,0
DA:98,3
DA:100,0
DA:101,0
DA:102,0
DA:104,0
DA:117,24
DA:118,24
DA:119,24
DA:120,24
DA:124,24
DA:125,0
DA:126,0
DA:127,0
DA:129,24
DA:132,96
DA:133,96
DA:134,96
DA:135,96
DA:136,96
DA:137,96
DA:139,0
DA:140,0
DA:142,96
DA:147,24
DA:150,24
DA:153,96
DA:154,96
DA:163,24
DA:165,0
DA:166,0
DA:168,0
DA:169,0
DA:171,0
DA:173,0
DA:174,0
DA:176,0
DA:188,0
DA:193,24
DA:203,2
DA:204,0
DA:208,0
DA:217,24
DA:218,12
DA:219,12
DA:220,12
DA:221,12
DA:225,96
DA:226,12
DA:227,0
DA:229,12
DA:239,2
DA:240,0
DA:242,0
DA:244,0
DA:245,0
DA:247,0
DA:248,0
DA:250,0
DA:255,0
DA:256,0
DA:257,0
DA:260,0
DA:262,0
DA:268,0
DA:270,0
DA:273,0
DA:274,0
DA:278,0
DA:282,0
DA:283,0
DA:284,0
DA:285,0
DA:289,0
DA:291,0
DA:292,0
DA:293,0
DA:296,0
DA:298,0
DA:299,0
DA:303,0
DA:305,0
DA:306,0
DA:314,0
DA:315,0
DA:316,0
DA:319,0
DA:323,0
DA:327,0
DA:328,0
DA:330,0
DA:332,0
DA:334,2
DA:337,12
DA:344,0
DA:346,0
DA:348,0
DA:349,0
DA:351,0
DA:352,0
DA:354,0
DA:357,0
DA:361,0
DA:363,0
DA:369,2
DA:374,24
DA:375,24
DA:376,24
DA:377,48
DA:378,30
DA:387,2024
DA:388,1024
DA:395,6
DA:396,24
DA:398,24
DA:399,24
DA:401,24
DA:405,2
LF:153
LH:78
BRDA:19,0,0,0
BRDA:19,0,1,2
BRDA:64,1,0,0
BRDA:64,1,1,3
BRDA:74,2,0,4
BRDA:74,2,1,4
BRDA:133,3,0,96
BRDA:133,3,1,0
BRDA:142,4,0,96
BRDA:142,4,1,72
BRDA:203,5,0,0
BRDA:203,5,1,0
BRDA:217,6,0,12
BRDA:217,6,1,0
BRDA:219,7,0,12
BRDA:219,7,1,12
BRDA:239,8,0,0
BRDA:239,8,1,0
BRDA:242,9,0,0
BRDA:242,9,1,0
BRDA:247,10,0,0
BRDA:247,10,1,0
BRDA:257,11,0,0
BRDA:257,11,1,0
BRDA:263,12,0,0
BRDA:263,12,1,0
BRDA:262,13,0,0
BRDA:262,13,1,0
BRDA:265,14,0,0
BRDA:265,14,1,0
BRDA:264,15,0,0
BRDA:264,15,1,0
BRDA:264,15,2,0
BRDA:273,16,0,0
BRDA:273,16,1,0
BRDA:278,17,0,0
BRDA:278,17,1,0
BRDA:282,18,0,0
BRDA:282,18,1,0
BRDA:296,19,0,0
BRDA:296,19,1,0
BRDA:298,20,0,0
BRDA:298,20,1,0
BRDA:298,21,0,0
BRDA:298,21,1,0
BRDA:298,21,2,0
BRDA:303,22,0,0
BRDA:303,22,1,0
BRDA:305,23,0,0
BRDA:305,23,1,0
BRDA:314,24,0,0
BRDA:314,24,1,0
BRDA:315,25,0,0
BRDA:315,25,1,0
BRDA:327,26,0,0
BRDA:327,26,1,0
BRDA:338,27,0,12
BRDA:338,27,1,0
BRDA:344,28,0,0
BRDA:344,28,1,0
BRDA:348,29,0,0
BRDA:348,29,1,0
BRDA:364,30,0,0
BRDA:364,30,1,0
BRDA:375,31,0,24
BRDA:375,31,1,4
BRDA:377,32,0,30
BRDA:377,32,1,18
BRDA:387,33,0,1000
BRDA:387,33,1,24
BRDA:395,34,0,3
BRDA:395,34,1,0
BRDA:395,35,0,3
BRDA:395,35,1,0
BRDA:398,36,0,24
BRDA:398,36,1,0
BRF:76
BRH:20
end_of_record
TN:
SF:/Users/deanius/src/antares/src/lib.ts
FN:3,(anonymous_0)
FN:7,(anonymous_1)
FN:11,(anonymous_2)
FNF:3
FNH:0
FNDA:0,(anonymous_0)
FNDA:0,(anonymous_1)
FNDA:0,(anonymous_2)
DA:3,2
DA:6,0
DA:7,0
DA:8,0
DA:9,0
DA:11,0
DA:13,0
LF:7
LH:1
BRDA:6,0,0,0
BRDA:6,0,1,0
BRDA:8,1,0,0
BRDA:8,1,1,0
BRF:4
BRH:0
end_of_record
TN:
SF:/Users/deanius/src/antares/src/operators.ts
FN:12,(anonymous_1)
FN:13,(anonymous_2)
FN:26,(anonymous_3)
FN:35,(anonymous_4)
FN:44,(anonymous_5)
FN:44,(anonymous_6)
FN:45,(anonymous_7)
FN:49,(anonymous_8)
FN:57,(anonymous_9)
FN:60,(anonymous_10)
FNF:10
FNH:0
FNDA:0,(anonymous_1)
FNDA:0,(anonymous_2)
FNDA:0,(anonymous_3)
FNDA:0,(anonymous_4)
FNDA:0,(anonymous_5)
FNDA:0,(anonymous_6)
FNDA:0,(anonymous_7)
FNDA:0,(anonymous_8)
FNDA:0,(anonymous_9)
FNDA:0,(anonymous_10)
DA:1,2
DA:2,2
DA:4,2
DA:5,2
DA:12,2
DA:13,0
DA:16,0
DA:26,2
DA:28,0
DA:36,0
DA:37,0
DA:44,2
DA:45,0
DA:46,0
DA:48,0
DA:50,0
DA:51,0
DA:54,0
DA:55,0
DA:58,0
DA:61,0
LF:21
LH:7
BRDA:13,0,0,0
BRDA:13,0,1,0
BRDA:30,1,0,0
BRDA:30,1,1,0
BRDA:32,2,0,0
BRDA:32,2,1,0
BRDA:36,3,0,0
BRDA:36,3,1,0
BRDA:37,4,0,0
BRDA:37,4,1,0
BRDA:51,5,0,0
BRDA:51,5,1,0
BRF:12
BRH:0
end_of_record
TN:
SF:/Users/deanius/src/antares/src/types.ts
FN:54,(anonymous_0)
FNF:1
FNH:1
FNDA:2,(anonymous_0)
DA:54,2
DA:56,2
DA:58,2
DA:60,2
DA:62,2
LF:5
LH:5
BRDA:54,0,0,2
BRDA:54,0,1,2
BRF:2
BRH:2
end_of_record
